============================= test session starts ==============================
platform linux -- Python 3.10.20, pytest-9.0.3, pluggy-1.6.0 -- /scratch/fc37/aman0087/conda/envs/actinf-py-scripts/bin/python3.10
cachedir: .pytest_cache
rootdir: /fs04/fc37/adam/projects/dcm_pytorch
configfile: pyproject.toml
collecting ... collected 5 items / 4 deselected / 1 selected

tests/test_task_bilinear_benchmark.py::TestTaskBilinearAcceptance::test_acceptance_gates_pass_at_10_seeds Running dataset 1/10 (seed 42)...
  a_rmse_bi=0.0873, a_rmse_lin=0.0880, t_bi=723.7s, t_lin=601.0s, init_scale_bi=0.005
Running dataset 2/10 (seed 43)...
  a_rmse_bi=0.0854, a_rmse_lin=0.0863, t_bi=701.0s, t_lin=600.7s, init_scale_bi=0.005
Running dataset 3/10 (seed 44)...
  NaN at step 0 with init_scale=0.005; retrying once with init_scale=0.001
  FAILED: NaN ELBO at step 0
Running dataset 4/10 (seed 45)...
  a_rmse_bi=0.0652, a_rmse_lin=0.0649, t_bi=698.7s, t_lin=598.9s, init_scale_bi=0.005
Running dataset 5/10 (seed 46)...
  a_rmse_bi=0.1321, a_rmse_lin=0.1321, t_bi=698.9s, t_lin=595.7s, init_scale_bi=0.005
Running dataset 6/10 (seed 47)...
  a_rmse_bi=0.1145, a_rmse_lin=0.1144, t_bi=698.5s, t_lin=596.8s, init_scale_bi=0.005
Running dataset 7/10 (seed 48)...
  a_rmse_bi=0.1379, a_rmse_lin=0.1380, t_bi=700.5s, t_lin=571.7s, init_scale_bi=0.005
Running dataset 8/10 (seed 49)...
  NaN at step 0 with init_scale=0.005; retrying once with init_scale=0.001
  FAILED: NaN ELBO at step 0
Running dataset 9/10 (seed 50)...
  NaN at step 0 with init_scale=0.005; retrying once with init_scale=0.001
  FAILED: NaN ELBO at step 0
Running dataset 10/10 (seed 51)...
  a_rmse_bi=0.1103, a_rmse_lin=0.1115, t_bi=654.3s, t_lin=563.2s, init_scale_bi=0.005
FAILED

=================================== FAILURES ===================================
______ TestTaskBilinearAcceptance.test_acceptance_gates_pass_at_10_seeds _______
tests/test_task_bilinear_benchmark.py:327: in test_acceptance_gates_pass_at_10_seeds
    assert n_success >= 8, (
E   AssertionError: Expected >=8 successful seeds, got n_success=7 (n_failed=3, n_datasets=?, status=success, init_scale_bilinear_n_retries=0). Likely causes: bilinear SVI instability (increase n_svi_steps to 1500 per L8) or fixture generation regression. Inspect posterior_list[*]['final_losses'] tails for convergence hints.
E   assert 7 >= 8
------------------------------ Captured log call -------------------------------
WARNING  matplotlib.style.core:core.py:213 In /scratch/fc37/aman0087/conda/envs/actinf-py-scripts/lib/python3.10/site-packages/matplotlib/mpl-data/stylelib/classic.mplstyle: 'parseString' deprecated - use 'parse_string'
WARNING  matplotlib.style.core:core.py:213 In /scratch/fc37/aman0087/conda/envs/actinf-py-scripts/lib/python3.10/site-packages/matplotlib/mpl-data/stylelib/classic.mplstyle: 'resetCache' deprecated - use 'reset_cache'
WARNING  matplotlib.style.core:core.py:213 In /scratch/fc37/aman0087/conda/envs/actinf-py-scripts/lib/python3.10/site-packages/matplotlib/mpl-data/stylelib/classic.mplstyle: 'parseString' deprecated - use 'parse_string'
WARNING  matplotlib.style.core:core.py:213 In /scratch/fc37/aman0087/conda/envs/actinf-py-scripts/lib/python3.10/site-packages/matplotlib/mpl-data/stylelib/classic.mplstyle: 'resetCache' deprecated - use 'reset_cache'
WARNING  matplotlib.style.core:core.py:213 In /scratch/fc37/aman0087/conda/envs/actinf-py-scripts/lib/python3.10/site-packages/matplotlib/mpl-data/stylelib/classic.mplstyle: 'parseString' deprecated - use 'parse_string'
WARNING  matplotlib.style.core:core.py:213 In /scratch/fc37/aman0087/conda/envs/actinf-py-scripts/lib/python3.10/site-packages/matplotlib/mpl-data/stylelib/classic.mplstyle: 'resetCache' deprecated - use 'reset_cache'
WARNING  matplotlib.style.core:core.py:213 In /scratch/fc37/aman0087/conda/envs/actinf-py-scripts/lib/python3.10/site-packages/matplotlib/mpl-data/stylelib/classic.mplstyle: 'parseString' deprecated - use 'parse_string'
WARNING  matplotlib.style.core:core.py:213 In /scratch/fc37/aman0087/conda/envs/actinf-py-scripts/lib/python3.10/site-packages/matplotlib/mpl-data/stylelib/classic.mplstyle: 'resetCache' deprecated - use 'reset_cache'
=============================== warnings summary ===============================
tests/test_task_bilinear_benchmark.py::TestTaskBilinearAcceptance::test_acceptance_gates_pass_at_10_seeds
  /scratch/fc37/aman0087/conda/envs/actinf-py-scripts/lib/python3.10/site-packages/matplotlib/_fontconfig_pattern.py:64: PyparsingDeprecationWarning: 'oneOf' deprecated - use 'one_of'
    prop = Group((name + Suppress("=") + comma_separated(value)) | oneOf(_CONSTANTS))

tests/test_task_bilinear_benchmark.py::TestTaskBilinearAcceptance::test_acceptance_gates_pass_at_10_seeds
tests/test_task_bilinear_benchmark.py::TestTaskBilinearAcceptance::test_acceptance_gates_pass_at_10_seeds
tests/test_task_bilinear_benchmark.py::TestTaskBilinearAcceptance::test_acceptance_gates_pass_at_10_seeds
tests/test_task_bilinear_benchmark.py::TestTaskBilinearAcceptance::test_acceptance_gates_pass_at_10_seeds
tests/test_task_bilinear_benchmark.py::TestTaskBilinearAcceptance::test_acceptance_gates_pass_at_10_seeds
tests/test_task_bilinear_benchmark.py::TestTaskBilinearAcceptance::test_acceptance_gates_pass_at_10_seeds
  /scratch/fc37/aman0087/conda/envs/actinf-py-scripts/lib/python3.10/site-packages/matplotlib/_fontconfig_pattern.py:85: PyparsingDeprecationWarning: 'parseString' deprecated - use 'parse_string'
    parse = parser.parseString(pattern)

tests/test_task_bilinear_benchmark.py::TestTaskBilinearAcceptance::test_acceptance_gates_pass_at_10_seeds
tests/test_task_bilinear_benchmark.py::TestTaskBilinearAcceptance::test_acceptance_gates_pass_at_10_seeds
tests/test_task_bilinear_benchmark.py::TestTaskBilinearAcceptance::test_acceptance_gates_pass_at_10_seeds
tests/test_task_bilinear_benchmark.py::TestTaskBilinearAcceptance::test_acceptance_gates_pass_at_10_seeds
tests/test_task_bilinear_benchmark.py::TestTaskBilinearAcceptance::test_acceptance_gates_pass_at_10_seeds
tests/test_task_bilinear_benchmark.py::TestTaskBilinearAcceptance::test_acceptance_gates_pass_at_10_seeds
  /scratch/fc37/aman0087/conda/envs/actinf-py-scripts/lib/python3.10/site-packages/matplotlib/_fontconfig_pattern.py:89: PyparsingDeprecationWarning: 'resetCache' deprecated - use 'reset_cache'
    parser.resetCache()

tests/test_task_bilinear_benchmark.py::TestTaskBilinearAcceptance::test_acceptance_gates_pass_at_10_seeds
  /scratch/fc37/aman0087/conda/envs/actinf-py-scripts/lib/python3.10/site-packages/matplotlib/_mathtext.py:45: PyparsingDeprecationWarning: 'enablePackrat' deprecated - use 'enable_packrat'
    ParserElement.enablePackrat()

tests/test_task_bilinear_benchmark.py::TestTaskBilinearAcceptance::test_acceptance_gates_pass_at_10_seeds
tests/test_task_bilinear_benchmark.py::TestTaskBilinearAcceptance::test_acceptance_gates_pass_at_10_seeds
tests/test_task_bilinear_benchmark.py::TestTaskBilinearAcceptance::test_acceptance_gates_pass_at_10_seeds
tests/test_task_bilinear_benchmark.py::TestTaskBilinearAcceptance::test_acceptance_gates_pass_at_10_seeds
tests/test_task_bilinear_benchmark.py::TestTaskBilinearAcceptance::test_acceptance_gates_pass_at_10_seeds
tests/test_task_bilinear_benchmark.py::TestTaskBilinearAcceptance::test_acceptance_gates_pass_at_10_seeds
  /scratch/fc37/aman0087/conda/envs/actinf-py-scripts/lib/python3.10/site-packages/pyro/infer/trace_elbo.py:158: UserWarning: Encountered NaN: loss
    warn_if_nan(loss, "loss")

-- Docs: https://docs.pytest.org/en/stable/how-to/capture-warnings.html
=========================== short test summary info ============================
FAILED tests/test_task_bilinear_benchmark.py::TestTaskBilinearAcceptance::test_acceptance_gates_pass_at_10_seeds
========== 1 failed, 4 deselected, 20 warnings in 10255.13s (2:50:55) ==========
